
ROM used:   1868/8192 (23%)
            1868/8192 (23%) including unused fragments

            1.0 Average locations per line
            4.9 Average locations per statement

RAM used:   65/368 (18%) at main() level
            84/368 (23%) worst case

Stack used: 7 worst case (6 in main + 1 for interrupts)
Stack size: 8

Lines Stmts  %   Files
----- ----- ---  -----
  218   156  41  main.c
    7     0   0  main.h
  671     0   0  ..\..\..\PICC\Devices\16F877A.h
  423   125  33  ..\..\..\PICC\Drivers\string.h
   32     0   0  ..\..\..\PICC\Drivers\stddef.h
   28     0   0  ..\..\..\PICC\Drivers\ctype.h
  456   100  26  ..\..\..\PICC\Drivers\lcd.c
----- -----
 1835   381 Total

Page ROM  %  RAM   Vol Diff  Functions:
---- --- --- ---   --- ----  ----------
0     70   4    5   231  6.6  strcmp
0     20   1    1             @delay_ms1
 Inline         3   760  4.5  lcd_read_byte
0     49   3    2   262  3.7  lcd_read_nibble
0     48   3    1   399  2.4  lcd_send_nibble
0     94   5    3   415  3.7  lcd_send_byte
0     70   4    6   852  6.2  lcd_init
0     18   1    4   208  6.3  lcd_gotoxy
0     44   2    1   354  4.7  lcd_putc
0     41   2    1    99  3.7  write_eeprom_pass
0    239  13    1  1621  3.4  keypad
 Inline         2   121  3.7  key_deboucing
0     59   3    2   253  5.7  enter_pw
0     14   1    2    88  3.2  empty_pw
0     31   2    1   138  4.7  compare
0    232  12    1   297  3.6  open
0      4   0    0             @const770
0     86   5    4             @PSTRINGC7_743
0      6   0    0             @const772
 Inline         5             @PSTRINGCN7_743
0     21   1    3             @DIV88
 Inline         6             @PRINTF_D_743
0    328  18    2  2190  4.9  MAIN
0      8   0    0             @const784
0     91   5    5             @PSTRINGCN7_9600_62_63
0     25   1    2             @PSTRINGR_9600_62_63
0     13   1    0             @const788
0     88   5    4             @PSTRINGC7_9600_62_63
0     10   1    0             @const790
0      7   0    0             @const791
0      7   0    0             @const792
0      7   0    0             @const794
0      8   0    0             @const795
0      6   0    0             @const796
0      5   0    0             @const797
0      6   0    0             @const798
0      6   0    0             @const799
0      7   0    0             @const800
0     19   1    3    88  2.9  serial_isr
 Inline         0             @cinit1

Program metrics:
    Functions               17
    Statements              381
    Comments                366
    Volume (V)              13466
    Difficulty (D)          73.6
    Effort to implement (E) 991035
    Time to implement (T)   15 hours, 18 minutes
    Est Delivered Bugs (B)  3
    Cyclomatic Complexity   42
    Maintainability (MI)    125

 Segment     Used  Free
-----------  ----  ----
00000-00003     4  0  
00004-00050    77  0  
00051-007FF  1787  180  
00800-00FFF     0  2048  
01000-017FF     0  2048  
01800-01FFF     0  2048  



